2023-04-10T05:12:40+00:00 DEBUG tt4b_product_sync: missing access token for tt4b_product_sync
2023-04-10T05:12:40+00:00 DEBUG tt4b_product_sync: missing access token for tt4b_product_sync
2023-04-10T05:13:00+00:00 DEBUG tt4b_product_sync: missing access token for tt4b_product_sync
2023-04-10T05:15:02+00:00 DEBUG tt4b_product_sync: missing access token for tt4b_product_sync
2023-04-10T05:21:44+00:00 DEBUG tt4b_product_sync: missing access token for tt4b_product_sync
2023-04-10T05:21:50+00:00 DEBUG tt4b_product_sync: missing access token for tt4b_product_sync
2023-04-10T05:21:52+00:00 DEBUG Tt4b_Pixel_Class::inject_view_content_event: hit injectViewContentEvent
2023-04-10T05:21:52+00:00 DEBUG Tt4b_Pixel_Class::inject_view_content_event: Missing option "access_token"
2023-04-10T05:23:04+00:00 DEBUG tt4b_product_sync: missing access token for tt4b_product_sync
2023-04-10T05:23:27+00:00 DEBUG tt4b_product_sync: missing access token for tt4b_product_sync
2023-04-10T05:23:48+00:00 DEBUG tt4b_product_sync: missing access token for tt4b_product_sync
2023-04-10T05:25:48+00:00 DEBUG tt4b_product_sync: missing access token for tt4b_product_sync
2023-04-10T05:25:52+00:00 DEBUG tt4b_product_sync: missing access token for tt4b_product_sync
2023-04-10T05:28:11+00:00 DEBUG tt4b_product_sync: missing access token for tt4b_product_sync
2023-04-10T05:30:26+00:00 DEBUG tt4b_product_sync: missing access token for tt4b_product_sync
2023-04-10T05:30:32+00:00 DEBUG tt4b_product_sync: missing access token for tt4b_product_sync
2023-04-10T05:35:27+00:00 DEBUG Tt4b_Pixel_Class::inject_view_content_event: hit injectViewContentEvent
2023-04-10T05:35:27+00:00 DEBUG Tt4b_Pixel_Class::inject_view_content_event: Missing option "access_token"
2023-04-10T05:36:01+00:00 DEBUG Tt4b_Pixel_Class::inject_add_to_cart_event: hit injectAddToCartEvent
2023-04-10T05:36:01+00:00 DEBUG Tt4b_Pixel_Class::inject_add_to_cart_event: Missing option "access_token"
2023-04-10T05:36:20+00:00 DEBUG Tt4b_Pixel_Class::inject_start_checkout: hit injectStartCheckout
2023-04-10T05:36:20+00:00 DEBUG Tt4b_Pixel_Class::inject_start_checkout: Missing option "access_token"
2023-04-10T06:24:19+00:00 DEBUG Tt4b_Pixel_Class::inject_start_checkout: hit injectStartCheckout
2023-04-10T06:24:19+00:00 DEBUG Tt4b_Pixel_Class::inject_start_checkout: Missing option "access_token"
2023-04-10T06:35:17+00:00 DEBUG Tt4b_Pixel_Class::inject_view_content_event: hit injectViewContentEvent
2023-04-10T06:35:17+00:00 DEBUG Tt4b_Pixel_Class::inject_view_content_event: Missing option "access_token"
2023-04-10T06:42:08+00:00 DEBUG Tt4b_Pixel_Class::inject_view_content_event: hit injectViewContentEvent
2023-04-10T06:42:08+00:00 DEBUG Tt4b_Pixel_Class::inject_view_content_event: Missing option "access_token"
2023-04-10T06:42:38+00:00 DEBUG Tt4b_Pixel_Class::inject_view_content_event: hit injectViewContentEvent
2023-04-10T06:42:38+00:00 DEBUG Tt4b_Pixel_Class::inject_view_content_event: Missing option "access_token"
2023-04-10T06:51:34+00:00 DEBUG Tt4b_Pixel_Class::inject_view_content_event: hit injectViewContentEvent
2023-04-10T06:51:34+00:00 DEBUG Tt4b_Pixel_Class::inject_view_content_event: Missing option "access_token"
2023-04-10T06:52:46+00:00 DEBUG Tt4b_Pixel_Class::inject_view_content_event: hit injectViewContentEvent
2023-04-10T06:52:46+00:00 DEBUG Tt4b_Pixel_Class::inject_view_content_event: Missing option "access_token"
2023-04-10T06:53:17+00:00 DEBUG Tt4b_Pixel_Class::inject_view_content_event: hit injectViewContentEvent
2023-04-10T06:53:17+00:00 DEBUG Tt4b_Pixel_Class::inject_view_content_event: Missing option "access_token"
2023-04-10T06:55:29+00:00 DEBUG Tt4b_Pixel_Class::inject_view_content_event: hit injectViewContentEvent
2023-04-10T06:55:29+00:00 DEBUG Tt4b_Pixel_Class::inject_view_content_event: Missing option "access_token"
2023-04-10T06:56:33+00:00 DEBUG Tt4b_Pixel_Class::inject_view_content_event: hit injectViewContentEvent
2023-04-10T06:56:33+00:00 DEBUG Tt4b_Pixel_Class::inject_view_content_event: Missing option "access_token"
2023-04-10T06:57:04+00:00 DEBUG Tt4b_Pixel_Class::inject_view_content_event: hit injectViewContentEvent
2023-04-10T06:57:04+00:00 DEBUG Tt4b_Pixel_Class::inject_view_content_event: Missing option "access_token"
2023-04-10T07:00:03+00:00 DEBUG Tt4b_Pixel_Class::inject_view_content_event: hit injectViewContentEvent
2023-04-10T07:00:03+00:00 DEBUG Tt4b_Pixel_Class::inject_view_content_event: Missing option "access_token"
2023-04-10T07:00:37+00:00 DEBUG Tt4b_Pixel_Class::inject_view_content_event: hit injectViewContentEvent
2023-04-10T07:00:37+00:00 DEBUG Tt4b_Pixel_Class::inject_view_content_event: Missing option "access_token"
2023-04-10T07:01:37+00:00 DEBUG POST: https://business-api.tiktok.com/open_api/v1.2/tbp/business_profile/disconnect/

{"external_business_id":false,"business_platform":"WOO_COMMERCE","is_setup_page":0,"app_id":false}
 ajax: no
2023-04-10T07:01:38+00:00 DEBUG Tt4b_Mapi_Class::mapi_post: Response: 

HTTP/1.1 200 OK
Server: nginx
Content-Type: application/json; charset=utf-8
Content-Length: 103
X-Api-Deprecation-Info: API for Business Version 1.3 is now live. To avoid disruption to your business, we recommend you migrate all calls to v1.3 as soon as possible. Please visit our migration guide for more details: https://ads.tiktok.com/marketing_api/docs?id=1740029169927169
X-Domain-Change-Info: We have moved to the new domain business-api.tiktok.com for API services after the Platform Upgrade on 09/30/2021. Please update all of your requests with the new domain if you haven't done so already. For more information, please visit https://ads.tiktok.com/marketing_api/docs?rid=esb88xalm6m&id=1709207085043713
X-Tt-Logid: 202304100701373280F19E190E791C3EA9
x-tt-trace-host: 01c3f4d03fa344d65769fb9011f15a444e33737bfcd0527b46c7faa72b5fd032943e5fd970bc6b9ab9730c3280ca886b56ee7a1a8b3dec090e0901c79235af27bd34616c4fbc9524a7789d92bfe49b98b69f818a130d15dc14470fbfd8b59f932ce88521c8c9daf42046c6f621ae926ae4
X-Origin-Response-Time: 9,104.120.139.238
X-Akamai-Request-ID: 6b1bbaf.45a94b62
Expires: Mon, 10 Apr 2023 07:01:38 GMT
Cache-Control: max-age=0, no-cache, no-store
Pragma: no-cache
Date: Mon, 10 Apr 2023 07:01:38 GMT
X-Cache: TCP_MISS from a96-16-54-134.deploy.akamaitechnologies.com (AkamaiGHost/11.0.2.2-47519392) (-)
Connection: close
X-Cache-Remote: TCP_MISS from a104-120-139-238.deploy.akamaitechnologies.com (AkamaiGHost/11.0.3-47547230) (-)
x-tt-trace-tag: id=16;cdn-cache=miss;type=dyn
Server-Timing: cdn-cache; desc=MISS, edge; dur=171, origin; dur=9
Server-Timing: inner; dur=5
X-Parent-Response-Time: 180,96.16.54.134

{"code":40104,"message":"The access_token is empty.","request_id":"202304100701373280F19E190E791C3EA9"}

2023-04-10T07:01:38+00:00 DEBUG POST: https://business-api.tiktok.com/tbp/v2.0/shop/connection/disconnect?external_data=

--- EMPTY STRING ---
 ajax: no
2023-04-10T07:01:38+00:00 DEBUG Tt4b_Mapi_Class::tts_shop_disconnect: Response: 

HTTP/1.1 200 OK
Server: nginx
Content-Type: application/json; charset=utf-8
Content-Length: 95
X-Api-Deprecation-Info: API for Business Version 1.3 is now live. To avoid disruption to your business, we recommend you migrate all calls to v1.3 as soon as possible. Please visit our migration guide for more details: https://ads.tiktok.com/marketing_api/docs?id=1740029169927169
X-Domain-Change-Info: We have moved to the new domain business-api.tiktok.com for API services after the Platform Upgrade on 09/30/2021. Please update all of your requests with the new domain if you haven't done so already. For more information, please visit https://ads.tiktok.com/marketing_api/docs?rid=esb88xalm6m&id=1709207085043713
X-Tt-Logid: 2023041007013840C1E18A8F1EFB1C5850
x-tt-trace-host: 01c3f4d03fa344d65769fb9011f15a444e111144db6f4dbfcf051cf0c81354ce6289e5774ac5ac826508f54c17b04136d70fa1573da8d9ecf6a9c9d41da4b260333863999be31d28aab7239f2d516131a1c7403a267e0062575d92dfc0e0e792fadc4474b10d8e3f06e01ac17b03fed679
X-Origin-Response-Time: 17,23.49.60.228
X-Akamai-Request-ID: 1f0cb32e.45a9563c
Expires: Mon, 10 Apr 2023 07:01:39 GMT
Cache-Control: max-age=0, no-cache, no-store
Pragma: no-cache
Date: Mon, 10 Apr 2023 07:01:39 GMT
X-Cache: TCP_MISS from a96-16-54-134.deploy.akamaitechnologies.com (AkamaiGHost/11.0.2.2-47519392) (-)
Connection: close
X-Cache-Remote: TCP_MISS from a23-49-60-228.deploy.akamaitechnologies.com (AkamaiGHost/11.0.2.2-47519392) (-)
x-tt-trace-tag: id=16;cdn-cache=miss;type=dyn
Server-Timing: cdn-cache; desc=MISS, edge; dur=172, origin; dur=17
Server-Timing: inner; dur=13
X-Parent-Response-Time: 189,96.16.54.134

{"code":40001,"message":"Permission denied.","request_id":"2023041007013840C1E18A8F1EFB1C5850"}

